<?xml version="1.0" encoding="UTF-8"?>
<!-- Generated by org.testng.reporters.JUnitXMLReporter -->
<testsuite hostname="fabio-PC" name="Default test" tests="4" failures="0" timestamp="13 Jun 2016 08:04:19 GMT" time="10.79" errors="0">
  <testcase name="ridango" time="2.61" classname="TestSeleniumNG.testsecond"/>
  <testcase name="ridango2" time="0.951" classname="TestSeleniumNG.testsecond"/>
  <testcase name="ridango" time="2.016" classname="TestSeleniumNG.testfirst"/>
  <testcase name="ridango2" time="0.908" classname="TestSeleniumNG.testfirst"/>
</testsuite> <!-- Default test -->
