<?xml version="1.0" encoding="UTF-8"?>
<!-- Generated by org.testng.reporters.JUnitXMLReporter -->
<testsuite hostname="fabio-PC" name="Test1" tests="2" failures="1" timestamp="13 Jun 2016 08:17:25 GMT" time="5.987" errors="0">
  <testcase name="ridango" time="3.149" classname="TestSeleniumNG.testfirst"/>
  <testcase name="ridango2" time="0.011" classname="TestSeleniumNG.testfirst">
    <failure type="java.lang.Error" message="Unresolved compilation problems: 
	Type mismatch: cannot convert from String to int
	Syntax error on token &amp;quot;,&amp;quot;, ; expected
">
      <![CDATA[java.lang.Error: Unresolved compilation problems: 
	Type mismatch: cannot convert from String to int
	Syntax error on token ",", ; expected

	at TestSeleniumNG.testfirst.ridango2(testfirst.java:37)
... Removed 24 stack frames]]>
    </failure>
  </testcase> <!-- ridango2 -->
</testsuite> <!-- Test1 -->
